<?xml version="1.0" encoding="UTF-8"?>
<!-- Generated by org.testng.reporters.JUnitReportReporter -->
<testsuite hostname="PSDLAP373" failures="0" tests="9" name="Test1.testing1.AboutUsTest" time="2.548" errors="1" timestamp="2025-02-13T18:46:36 IST" skipped="8">
  <testcase classname="Test1.testing1.AboutUsTest" name="setup" time="2.547">
    <error type="java.lang.NullPointerException">
      <![CDATA[java.lang.NullPointerException
at java.base/java.util.Objects.requireNonNull(Objects.java:208)
at java.base/java.util.ImmutableCollections$Map1.<init>(ImmutableCollections.java:1105)
at java.base/java.util.Map.of(Map.java:1353)
at org.openqa.selenium.remote.DriverCommand.GET(DriverCommand.java:180)
at org.openqa.selenium.remote.RemoteWebDriver.get(RemoteWebDriver.java:313)
at Helper.BaseTest.setup(BaseTest.java:34)
at java.base/jdk.internal.reflect.NativeMethodAccessorImpl.invoke0(Native Method)
at java.base/jdk.internal.reflect.NativeMethodAccessorImpl.invoke(NativeMethodAccessorImpl.java:77)
at java.base/jdk.internal.reflect.DelegatingMethodAccessorImpl.invoke(DelegatingMethodAccessorImpl.java:43)
at java.base/java.lang.reflect.Method.invoke(Method.java:568)
at org.testng.internal.invokers.MethodInvocationHelper.invokeMethod(MethodInvocationHelper.java:141)
at org.testng.internal.invokers.MethodInvocationHelper.invokeMethodConsideringTimeout(MethodInvocationHelper.java:71)
at org.testng.internal.invokers.ConfigInvoker.invokeConfigurationMethod(ConfigInvoker.java:400)
at org.testng.internal.invokers.ConfigInvoker.invokeConfigurations(ConfigInvoker.java:333)
at org.testng.internal.invokers.TestInvoker.runConfigMethods(TestInvoker.java:833)
at org.testng.internal.invokers.TestInvoker.invokeMethod(TestInvoker.java:600)
at org.testng.internal.invokers.TestInvoker.invokeTestMethod(TestInvoker.java:230)
at org.testng.internal.invokers.MethodRunner.runInSequence(MethodRunner.java:63)
at org.testng.internal.invokers.TestInvoker$MethodInvocationAgent.invoke(TestInvoker.java:992)
at org.testng.internal.invokers.TestInvoker.invokeTestMethods(TestInvoker.java:203)
at org.testng.internal.invokers.TestMethodWorker.invokeTestMethods(TestMethodWorker.java:154)
at org.testng.internal.invokers.TestMethodWorker.run(TestMethodWorker.java:134)
at java.base/java.util.ArrayList.forEach(ArrayList.java:1511)
at org.testng.TestRunner.privateRun(TestRunner.java:739)
at org.testng.TestRunner.run(TestRunner.java:614)
at org.testng.SuiteRunner.runTest(SuiteRunner.java:421)
at org.testng.SuiteRunner.runSequentially(SuiteRunner.java:413)
at org.testng.SuiteRunner.privateRun(SuiteRunner.java:373)
at org.testng.SuiteRunner.run(SuiteRunner.java:312)
at org.testng.SuiteRunnerWorker.runSuite(SuiteRunnerWorker.java:52)
at org.testng.SuiteRunnerWorker.run(SuiteRunnerWorker.java:95)
at org.testng.TestNG.runSuitesSequentially(TestNG.java:1274)
at org.testng.TestNG.runSuitesLocally(TestNG.java:1208)
at org.testng.TestNG.runSuites(TestNG.java:1112)
at org.testng.TestNG.run(TestNG.java:1079)
at org.apache.maven.surefire.testng.TestNGExecutor.run(TestNGExecutor.java:151)
at org.apache.maven.surefire.testng.TestNGDirectoryTestSuite.executeSingleClass(TestNGDirectoryTestSuite.java:111)
at org.apache.maven.surefire.testng.TestNGDirectoryTestSuite.execute(TestNGDirectoryTestSuite.java:98)
at org.apache.maven.surefire.testng.TestNGProvider.invoke(TestNGProvider.java:155)
at org.apache.maven.surefire.booter.ForkedBooter.runSuitesInProcess(ForkedBooter.java:456)
at org.apache.maven.surefire.booter.ForkedBooter.execute(ForkedBooter.java:169)
at org.apache.maven.surefire.booter.ForkedBooter.run(ForkedBooter.java:595)
at org.apache.maven.surefire.booter.ForkedBooter.main(ForkedBooter.java:581)
]]>
    </error>
  </testcase> <!-- setup -->
  <testcase classname="Test1.testing1.AboutUsTest" name="Validate_About_Us_Button_Click_TC_001" time="0.000">
    <skipped/>
  </testcase> <!-- Validate_About_Us_Button_Click_TC_001 -->
  <testcase classname="Test1.testing1.AboutUsTest" name="Validate_Search_feature_TC_002" time="0.000">
    <skipped/>
  </testcase> <!-- Validate_Search_feature_TC_002 -->
  <testcase classname="Test1.testing1.AboutUsTest" name="Validate_first_JOIN_US_button_click_TC_003" time="0.000">
    <skipped/>
  </testcase> <!-- Validate_first_JOIN_US_button_click_TC_003 -->
  <testcase classname="Test1.testing1.AboutUsTest" name="Validate_second_JOIN_US_button_click_TC_003" time="0.000">
    <skipped/>
  </testcase> <!-- Validate_second_JOIN_US_button_click_TC_003 -->
  <testcase classname="Test1.testing1.AboutUsTest" name="Verify_Nav_bar_content_change_on_scroll_down_TC_005" time="0.000">
    <skipped/>
  </testcase> <!-- Verify_Nav_bar_content_change_on_scroll_down_TC_005 -->
  <testcase classname="Test1.testing1.AboutUsTest" name="Validate_CONTACT_US_button_click_TC_006" time="0.000">
    <skipped/>
  </testcase> <!-- Validate_CONTACT_US_button_click_TC_006 -->
  <testcase classname="Test1.testing1.AboutUsTest" name="Validate_LINKED_IN_ICON_button_click_TC_010" time="0.000">
    <skipped/>
  </testcase> <!-- Validate_LINKED_IN_ICON_button_click_TC_010 -->
  <testcase classname="Test1.testing1.AboutUsTest" name="Validate_CONTACT_US_ICON_button_click_TC_011" time="0.001">
    <skipped/>
  </testcase> <!-- Validate_CONTACT_US_ICON_button_click_TC_011 -->
</testsuite> <!-- Test1.testing1.AboutUsTest -->
